<?xml version="1.0" encoding="UTF-8"?>
<!-- Generated by org.testng.reporters.JUnitReportReporter -->
<testsuite hostname="QT-INBG-LT0672" failures="0" tests="1" name="SignIn" time="10.225" errors="0" timestamp="2022-09-19T18:09:15 IST" skipped="0">
  <testcase classname="SignIn" name="signIn" time="10.225"/>
  <system-out/>
</testsuite> <!-- SignIn -->
